TN:
SF:app\api\ai-explanation\route.ts
FN:15,(anonymous_1)
FN:38,(anonymous_2)
FN:47,(anonymous_3)
FN:55,validationErrorResponse
FN:58,(anonymous_5)
FN:65,specialtyName
FN:73,buildPrompt
FN:75,(anonymous_8)
FN:77,(anonymous_9)
FN:82,(anonymous_10)
FN:87,(anonymous_11)
FN:116,fallbackExplanation
FN:118,(anonymous_13)
FN:120,(anonymous_14)
FN:130,limitWords
FN:140,POST
FNF:16
FNH:16
FNDA:5,(anonymous_1)
FNDA:4,(anonymous_2)
FNDA:4,(anonymous_3)
FNDA:2,validationErrorResponse
FNDA:3,(anonymous_5)
FNDA:9,specialtyName
FNDA:3,buildPrompt
FNDA:4,(anonymous_8)
FNDA:7,(anonymous_9)
FNDA:6,(anonymous_10)
FNDA:3,(anonymous_11)
FNDA:1,fallbackExplanation
FNDA:2,(anonymous_13)
FNDA:3,(anonymous_14)
FNDA:3,limitWords
FNDA:7,POST
DA:1,1
DA:2,1
DA:3,1
DA:4,1
DA:5,1
DA:6,1
DA:8,1
DA:16,5
DA:17,1
DA:25,1
DA:38,4
DA:43,1
DA:47,4
DA:56,2
DA:58,3
DA:66,9
DA:67,3
DA:70,6
DA:74,3
DA:75,4
DA:77,7
DA:80,3
DA:82,6
DA:85,3
DA:88,3
DA:89,3
DA:93,3
DA:117,1
DA:118,2
DA:120,3
DA:121,1
DA:123,1
DA:131,3
DA:133,3
DA:134,2
DA:137,1
DA:140,7
DA:141,7
DA:142,7
DA:143,1
DA:150,6
DA:151,6
DA:153,1
DA:156,5
DA:157,5
DA:158,2
DA:161,3
DA:167,3
DA:168,3
DA:169,2
DA:171,1
DA:172,1
LF:52
LH:52
BRDA:16,0,0,1
BRDA:16,0,1,4
BRDA:16,1,0,5
BRDA:16,1,1,2
BRDA:38,2,0,4
BRDA:38,2,1,3
BRDA:38,2,2,2
BRDA:66,3,0,3
BRDA:66,3,1,6
BRDA:70,4,0,6
BRDA:70,4,1,5
BRDA:70,4,2,3
BRDA:70,4,3,0
BRDA:88,5,0,3
BRDA:88,5,1,2
BRDA:88,6,0,2
BRDA:88,6,1,0
BRDA:123,7,0,1
BRDA:123,7,1,0
BRDA:130,8,0,3
BRDA:133,9,0,2
BRDA:133,9,1,1
BRDA:142,10,0,1
BRDA:142,10,1,6
BRDA:157,11,0,2
BRDA:157,11,1,3
BRF:26
BRH:23
end_of_record
TN:
SF:lib\api-validation.ts
FN:24,(anonymous_4)
FN:30,(anonymous_5)
FN:44,(anonymous_6)
FN:51,(anonymous_7)
FN:76,validationErrorResponse
FN:79,(anonymous_9)
FNF:6
FNH:6
FNDA:25,(anonymous_4)
FNDA:2,(anonymous_5)
FNDA:15,(anonymous_6)
FNDA:1,(anonymous_7)
FNDA:1,validationErrorResponse
FNDA:25,(anonymous_9)
DA:1,1
DA:2,1
DA:3,1
DA:6,1
DA:24,25
DA:26,2
DA:31,2
DA:32,50
DA:33,25
DA:43,1
DA:44,15
DA:50,1
DA:51,1
DA:65,1
DA:76,1
DA:77,1
DA:79,25
LF:17
LH:17
BRDA:32,0,0,25
BRDA:32,0,1,25
BRF:2
BRH:2
end_of_record
TN:
SF:lib\specialtyMatcher.ts
FN:34,(anonymous_3)
FN:39,normalizeTraitKey
FN:43,normalizeTraitScores
FN:44,(anonymous_6)
FN:53,weightedCosineSimilarity
FN:79,matchSpecialties
FN:84,(anonymous_9)
FN:88,(anonymous_10)
FNF:8
FNH:8
FNDA:16,(anonymous_3)
FNDA:30,normalizeTraitKey
FNDA:6,normalizeTraitScores
FNDA:30,(anonymous_6)
FNDA:96,weightedCosineSimilarity
FNDA:6,matchSpecialties
FNDA:96,(anonymous_9)
FNDA:279,(anonymous_10)
DA:1,1
DA:15,1
DA:34,16
DA:40,30
DA:44,6
DA:45,30
DA:46,30
DA:49,30
DA:54,96
DA:55,96
DA:56,96
DA:58,96
DA:59,1440
DA:61,1440
DA:62,1008
DA:65,432
DA:66,432
DA:67,432
DA:68,432
DA:71,96
DA:72,16
DA:75,80
DA:76,80
DA:79,6
DA:80,6
DA:81,6
DA:83,6
DA:84,96
DA:89,279
DA:90,138
DA:93,141
LF:31
LH:31
BRDA:40,0,0,30
BRDA:40,0,1,12
BRDA:45,1,0,30
BRDA:45,1,1,0
BRDA:61,2,0,1008
BRDA:61,2,1,432
BRDA:61,3,0,1440
BRDA:61,3,1,432
BRDA:61,3,2,432
BRDA:71,4,0,16
BRDA:71,4,1,80
BRDA:71,5,0,96
BRDA:71,5,1,80
BRDA:79,6,0,0
BRDA:89,7,0,138
BRDA:89,7,1,141
BRF:16
BRH:14
end_of_record
